<?xml version="1.0" encoding="UTF-8"?>
<!-- Generated by org.testng.reporters.JUnitReportReporter -->
<testsuite hostname="NDI-LAP-206" failures="0" tests="1" name="Academy.TestCase" time="8.394" errors="0" timestamp="2022-07-31T15:16:25 IST" skipped="0">
  <testcase classname="Academy.TestCase" name="ValidatingAppointmentConfirmation" time="8.394"/>
  <system-out/>
</testsuite> <!-- Academy.TestCase -->
